<?xml version="1.0" encoding="UTF-8"?>
<!-- Generated by org.testng.reporters.JUnitReportReporter -->
<testsuite hostname="IBM-25LDBY3" failures="0" tests="1" name="com.practice.test.activity9" time="10.227" errors="0" timestamp="2024-10-09T17:27:25 IST" skipped="0">
  <testcase classname="com.practice.test.activity9" name="activity5Test" time="10.227"/>
</testsuite> <!-- com.practice.test.activity9 -->
