<?xml version="1.0" encoding="UTF-8"?>
<!-- Generated by org.testng.reporters.JUnitReportReporter -->
<testsuite hostname="IBM-25LDBY3" failures="0" tests="1" name="com.assaabloy.practice.Dropdown" time="5.949" errors="0" timestamp="2024-10-07T08:07:27 IST" skipped="0">
  <testcase classname="com.assaabloy.practice.Dropdown" name="dropDownTest" time="5.949"/>
</testsuite> <!-- com.assaabloy.practice.Dropdown -->
