<?xml version="1.0" encoding="UTF-8"?>
<!-- Generated by org.testng.reporters.JUnitReportReporter -->
<testsuite hostname="IBM-25LDBY3" failures="0" tests="1" name="com.ipl.practice.TableDemo" time="6.481" errors="0" timestamp="2024-10-07T16:33:42 IST" skipped="0">
  <testcase classname="com.ipl.practice.TableDemo" name="iplTest" time="6.481"/>
</testsuite> <!-- com.ipl.practice.TableDemo -->
