<?xml version="1.0" encoding="UTF-8"?>
<!-- Generated by org.testng.reporters.JUnitReportReporter -->
<testsuite hostname="IBM-25LDBY3" failures="0" tests="2" name="com.practice.test.SelectTest" time="16.711" errors="0" timestamp="2024-10-09T14:58:00 IST" skipped="0">
  <testcase classname="com.practice.test.SelectTest" name="selectTest" time="8.335"/>
  <testcase classname="com.practice.test.SelectTest" name="multiSelectTest" time="8.376"/>
</testsuite> <!-- com.practice.test.SelectTest -->
