<?xml version="1.0" encoding="UTF-8"?>
<!-- Generated by org.testng.reporters.JUnitReportReporter -->
<testsuite hostname="IBM-25LDBY3" failures="0" tests="1" name="com.practice.test.activity6" time="7.409" errors="0" timestamp="2024-10-09T15:48:23 IST" skipped="0">
  <testcase classname="com.practice.test.activity6" name="activity5Test" time="7.409"/>
</testsuite> <!-- com.practice.test.activity6 -->
