<?xml version="1.0" encoding="UTF-8"?>
<!-- Generated by org.testng.reporters.JUnitReportReporter -->
<testsuite hostname="IBM-25LDBY3" failures="0" tests="1" name="com.practice.test.windowHandlerTest" time="6.941" errors="0" timestamp="2024-10-09T19:02:04 IST" skipped="0">
  <testcase classname="com.practice.test.windowHandlerTest" name="activity5Test" time="6.941"/>
</testsuite> <!-- com.practice.test.windowHandlerTest -->
