<?xml version="1.0" encoding="UTF-8"?>
<!-- Generated by org.testng.reporters.JUnitReportReporter -->
<testsuite hostname="IBM-25LDBY3" failures="0" tests="1" name="com.practice.test.activity4" time="7.559" errors="0" timestamp="2024-10-09T15:30:41 IST" skipped="0">
  <testcase classname="com.practice.test.activity4" name="activity4Test" time="7.559"/>
</testsuite> <!-- com.practice.test.activity4 -->
